<?xml version="1.0" encoding="UTF-8"?>
<!-- Generated by org.testng.reporters.JUnitXMLReporter -->
<testsuite ignored="2" hostname="DESKTOP-MM1IGIE" failures="0" tests="1" name="Default test" time="12.034" errors="0" timestamp="2024-07-26T13:08:18 IST">
  <testcase classname="practice.Verifytabtitleurlapp" name="verifytabtext" time="6.474"/>
  <testcase classname="practice.Verifytabtitleurlapp" name="verifytabtitle" time="0.0">
    <ignored/>
  </testcase> <!-- verifytabtitle -->
  <testcase classname="practice.Verifytabtitleurlapp" name="verifyurl" time="0.0">
    <ignored/>
  </testcase> <!-- verifyurl -->
</testsuite> <!-- Default test -->
