<?xml version="1.0" encoding="UTF-8"?>
<!-- Generated by org.testng.reporters.JUnitXMLReporter -->
<testsuite ignored="4" hostname="DESKTOP-MM1IGIE" failures="0" tests="1" name="Default test" time="15.098" errors="0" timestamp="2024-07-27T14:06:52 IST">
  <testcase classname="practice.RCDDMOKF" name="mouseover" time="9.997"/>
  <testcase classname="practice.RCDDMOKF" name="rightclick" time="0.0">
    <ignored/>
  </testcase> <!-- rightclick -->
  <testcase classname="practice.RCDDMOKF" name="draganddrop" time="0.0">
    <ignored/>
  </testcase> <!-- draganddrop -->
  <testcase classname="practice.RCDDMOKF" name="keyboardkeys" time="0.0">
    <ignored/>
  </testcase> <!-- keyboardkeys -->
  <testcase classname="practice.RCDDMOKF" name="doubleclick" time="0.0">
    <ignored/>
  </testcase> <!-- doubleclick -->
</testsuite> <!-- Default test -->
