<?xml version="1.0" encoding="UTF-8"?>
<!-- Generated by org.testng.reporters.JUnitXMLReporter -->
<testsuite ignored="0" hostname="DESKTOP-MM1IGIE" failures="0" tests="4" name="Test" time="35.414" errors="0" timestamp="2024-07-22T21:35:41 IST">
  <testcase classname="practice.TestNG_invocationCount" name="selenium" time="5.07"/>
  <testcase classname="practice.TestNG_invocationCount" name="selenium" time="3.164"/>
  <testcase classname="practice.TestNG_invocationCount" name="selenium" time="3.433"/>
  <testcase classname="practice.TestNG_demo" name="swiggy" time="12.94"/>
</testsuite> <!-- Test -->
