<?xml version="1.0" encoding="UTF-8"?>
<testng-results ignored="0" total="1" passed="1" failed="0" skipped="0">
  <reporter-output>
  </reporter-output>
  <suite started-at="2024-07-27T10:29:49 IST" name="Default suite" finished-at="2024-07-27T10:29:58 IST" duration-ms="9449">
    <groups>
    </groups>
    <test started-at="2024-07-27T10:29:49 IST" name="Default test" finished-at="2024-07-27T10:29:58 IST" duration-ms="9449">
      <class name="practice.Scrolldownandup">
        <test-method is-config="true" signature="beforeTest()[pri:0, instance:practice.Scrolldownandup@4a8355dd]" started-at="2024-07-27T10:29:49 IST" name="beforeTest" finished-at="2024-07-27T10:29:53 IST" duration-ms="4623" status="PASS">
          <reporter-output>
          </reporter-output>
        </test-method> <!-- beforeTest -->
        <test-method signature="IdentifyLocatorElement()[pri:0, instance:practice.Scrolldownandup@4a8355dd]" started-at="2024-07-27T10:29:53 IST" name="IdentifyLocatorElement" finished-at="2024-07-27T10:29:58 IST" duration-ms="4679" status="PASS">
          <reporter-output>
          </reporter-output>
        </test-method> <!-- IdentifyLocatorElement -->
      </class> <!-- practice.Scrolldownandup -->
    </test> <!-- Default test -->
  </suite> <!-- Default suite -->
</testng-results>
